Using pre-set license
Built from '2020.2/release' branch; Version is '2020.2.4f1 (becced5a802b) revision 12504301'; Using compiler version '192528614'; Build Type 'Release'
OS: 'Windows 10 Home; OS build 19041.867; Version 2004; 64bit' Language: 'en' Physical Memory: 16305 MB
BatchMode: 1, IsHumanControllingUs: 0, StartBugReporterOnCrash: 0, Is64bit: 1, IsPro: 0

 COMMAND LINE ARGUMENTS:
C:\Program Files\Unity\Hub\Editor\2020.2.4f1\Editor\Unity.exe
-adb2
-batchMode
-noUpm
-name
AssetImportWorker0
-projectPath
C:/Users/Jesse/Documents/School/Semester6/EnginesIV/HorseHead
-logFile
Logs/AssetImportWorker0.log
-srvPort
61278
Successfully changed project path to: C:/Users/Jesse/Documents/School/Semester6/EnginesIV/HorseHead
C:/Users/Jesse/Documents/School/Semester6/EnginesIV/HorseHead
Using Asset Import Pipeline V2.
Refreshing native plugins compatible for Editor in 40.85 ms, found 0 plugins.
Preloading 0 native plugins for Editor in 0.00 ms.
Initialize engine version: 2020.2.4f1 (becced5a802b)
[Subsystems] Discovering subsystems at path C:/Program Files/Unity/Hub/Editor/2020.2.4f1/Editor/Data/Resources/UnitySubsystems
[Subsystems] Discovering subsystems at path C:/Users/Jesse/Documents/School/Semester6/EnginesIV/HorseHead/Assets
GfxDevice: creating device client; threaded=0
Direct3D:
    Version:  Direct3D 11.0 [level 11.1]
    Renderer: NVIDIA GeForce GTX 1660 Ti (ID=0x2182)
    Vendor:   
    VRAM:     5991 MB
    Driver:   27.21.14.5671
Initialize mono
Mono path[0] = 'C:/Program Files/Unity/Hub/Editor/2020.2.4f1/Editor/Data/Managed'
Mono path[1] = 'C:/Program Files/Unity/Hub/Editor/2020.2.4f1/Editor/Data/MonoBleedingEdge/lib/mono/unityjit'
Mono config path = 'C:/Program Files/Unity/Hub/Editor/2020.2.4f1/Editor/Data/MonoBleedingEdge/etc'
Using monoOptions --debugger-agent=transport=dt_socket,embedding=1,server=y,suspend=n,address=127.0.0.1:56360
Begin MonoManager ReloadAssembly
Registering precompiled unity dll's ...
Register platform support module: C:/Program Files/Unity/Hub/Editor/2020.2.4f1/Editor/Data/PlaybackEngines/WebGLSupport/UnityEditor.WebGL.Extensions.dll
Register platform support module: C:/Program Files/Unity/Hub/Editor/2020.2.4f1/Editor/Data/PlaybackEngines/WindowsStandaloneSupport/UnityEditor.WindowsStandalone.Extensions.dll
Registered in 0.002483 seconds.
Native extension for WindowsStandalone target not found
Native extension for WebGL target not found
Refreshing native plugins compatible for Editor in 40.78 ms, found 0 plugins.
Preloading 0 native plugins for Editor in 0.00 ms.
Invoked RoslynAnalysisRunner static constructor.
RoslynAnalysisRunner will not be running.
RoslynAnalysisRunner has terminated.
Mono: successfully reloaded assembly
- Completed reload, in  1.858 seconds
Platform modules already initialized, skipping
Registering precompiled user dll's ...
Registered in 0.001458 seconds.
Begin MonoManager ReloadAssembly
Native extension for WindowsStandalone target not found
Native extension for WebGL target not found
Refreshing native plugins compatible for Editor in 42.67 ms, found 0 plugins.
Preloading 0 native plugins for Editor in 0.00 ms.
Invoked RoslynAnalysisRunner static constructor.
RoslynAnalysisRunner will not be running.
RoslynAnalysisRunner has terminated.
Mono: successfully reloaded assembly
- Completed reload, in  0.912 seconds
Platform modules already initialized, skipping
========================================================================
Worker process is ready to serve import requests
Shader 'Universal Render Pipeline/Particles/Lit': fallback shader 'Universal Render Pipeline/Particles/SimpleLit' not found
Shader 'Universal Render Pipeline/Particles/Lit': fallback shader 'Universal Render Pipeline/Particles/SimpleLit' not found
Launched and connected shader compiler UnityShaderCompiler.exe after 0.04 seconds
Refreshing native plugins compatible for Editor in 0.38 ms, found 0 plugins.
Preloading 0 native plugins for Editor in 0.00 ms.
Unloading 2715 Unused Serialized files (Serialized files now loaded: 0)
System memory in use before: 126.2 MB.
System memory in use after: 124.3 MB.

Unloading 42 unused Assets to reduce memory usage. Loaded Objects now: 3135.
Total: 2.996800 ms (FindLiveObjects: 0.219500 ms CreateObjectMapping: 0.108800 ms MarkObjects: 1.612700 ms  DeleteObjects: 1.054700 ms)

========================================================================
Received Import Request.
  path: Assets/Enemies/HeavyEnemy/BigBugMat.mat
  artifactKey: Guid(10ff1880520053d4f9da3e3e8f6d47ad) Importer(815301076,1909f56bfc062723c751e8b465ee728b)
Start importing Assets/Enemies/HeavyEnemy/BigBugMat.mat using Guid(10ff1880520053d4f9da3e3e8f6d47ad) Importer(815301076,1909f56bfc062723c751e8b465ee728b)  -> (artifact id: '31fda9ec7a7d755775173516599be674') in 0.230888 seconds
  Import took 0.235389 seconds .

========================================================================
Received Import Request.
  Time since last request: 0.000411 seconds.
  path: Assets/Enemies/HeavyEnemy/bigBug.fbx
  artifactKey: Guid(ec2aa6385db498a43834531edad740ef) Importer(815301076,1909f56bfc062723c751e8b465ee728b)
Start importing Assets/Enemies/HeavyEnemy/bigBug.fbx using Guid(ec2aa6385db498a43834531edad740ef) Importer(815301076,1909f56bfc062723c751e8b465ee728b)  -> (artifact id: 'f4347a77715feed3e360785cef8234eb') in 0.091219 seconds
  Import took 0.094812 seconds .

========================================================================
Received Import Request.
  Time since last request: 0.000334 seconds.
  path: Assets/Enemies/HeavyEnemy/BigBugTex.png
  artifactKey: Guid(1d5751b4289ddbd42884213a5fa9ea4a) Importer(815301076,1909f56bfc062723c751e8b465ee728b)
Start importing Assets/Enemies/HeavyEnemy/BigBugTex.png using Guid(1d5751b4289ddbd42884213a5fa9ea4a) Importer(815301076,1909f56bfc062723c751e8b465ee728b)  -> (artifact id: '90fba00d661a52e5e0828d4b34c205b7') in 0.017059 seconds
  Import took 0.020297 seconds .

========================================================================
Received Import Request.
  Time since last request: 0.000324 seconds.
  path: Assets/Enemies/HeavyEnemy
  artifactKey: Guid(bf595abcccf53c54da59f6a27c40886f) Importer(815301076,1909f56bfc062723c751e8b465ee728b)
Start importing Assets/Enemies/HeavyEnemy using Guid(bf595abcccf53c54da59f6a27c40886f) Importer(815301076,1909f56bfc062723c751e8b465ee728b)  -> (artifact id: '34b72c933162542aa34cc07d2c220cdf') in 0.002942 seconds
  Import took 0.006417 seconds .

========================================================================
Received Import Request.
  Time since last request: 37.884916 seconds.
  path: Assets/Enemies/FlyingEnemy/_FlyingBodyMat.mat
  artifactKey: Guid(518581d6dc2bd7d468ac7eab6a74499b) Importer(815301076,1909f56bfc062723c751e8b465ee728b)
Start importing Assets/Enemies/FlyingEnemy/_FlyingBodyMat.mat using Guid(518581d6dc2bd7d468ac7eab6a74499b) Importer(815301076,1909f56bfc062723c751e8b465ee728b)  -> (artifact id: '4c9eb74ed514f08d067cef0c07cdc81f') in 0.012739 seconds
  Import took 0.017515 seconds .

========================================================================
Received Import Request.
  Time since last request: 0.000382 seconds.
  path: Assets/Enemies/FlyingEnemy/FlyingAttack.fbx
  artifactKey: Guid(bf23e8ca56f16ce4cae14c99de0c8841) Importer(815301076,1909f56bfc062723c751e8b465ee728b)
Start importing Assets/Enemies/FlyingEnemy/FlyingAttack.fbx using Guid(bf23e8ca56f16ce4cae14c99de0c8841) Importer(815301076,1909f56bfc062723c751e8b465ee728b)  -> (artifact id: 'eac7eacd7428d0bf1125e07b236405c3') in 0.030908 seconds
  Import took 0.034861 seconds .

========================================================================
Received Import Request.
  Time since last request: 0.000470 seconds.
  path: Assets/Enemies/FlyingEnemy/_FlyingBodyMat.mat
  artifactKey: Guid(518581d6dc2bd7d468ac7eab6a74499b) Importer(815301076,1909f56bfc062723c751e8b465ee728b)
Start importing Assets/Enemies/FlyingEnemy/_FlyingBodyMat.mat using Guid(518581d6dc2bd7d468ac7eab6a74499b) Importer(815301076,1909f56bfc062723c751e8b465ee728b)  -> (artifact id: '4c9eb74ed514f08d067cef0c07cdc81f') in 0.009318 seconds
  Import took 0.013646 seconds .

========================================================================
Received Import Request.
  Time since last request: 0.000338 seconds.
  path: Assets/Enemies/FlyingEnemy/_WingMat.mat
  artifactKey: Guid(7e01a3e7f53b21841ae79e583bdac536) Importer(815301076,1909f56bfc062723c751e8b465ee728b)
Start importing Assets/Enemies/FlyingEnemy/_WingMat.mat using Guid(7e01a3e7f53b21841ae79e583bdac536) Importer(815301076,1909f56bfc062723c751e8b465ee728b)  -> (artifact id: 'e7213894328d2e10b09812949cd851ac') in 0.518916 seconds
  Import took 0.522513 seconds .

========================================================================
Received Import Request.
  Time since last request: 0.000294 seconds.
  path: Assets/Enemies/SmallEnemy/Materials/bugTex.mat
  artifactKey: Guid(651a01ca5d49f4b4bb7812523a6d688c) Importer(815301076,1909f56bfc062723c751e8b465ee728b)
Start importing Assets/Enemies/SmallEnemy/Materials/bugTex.mat using Guid(651a01ca5d49f4b4bb7812523a6d688c) Importer(815301076,1909f56bfc062723c751e8b465ee728b)  -> (artifact id: 'b1b2db2f05f4ea34e61ebc4927ba9ac9') in 0.009254 seconds
  Import took 0.013405 seconds .

========================================================================
Received Import Request.
  Time since last request: 0.000344 seconds.
  path: Assets/Enemies/FlyingEnemy/FlyingEnemy.fbx
  artifactKey: Guid(0f1cd771e2e0e6d43a5d37f321aa9819) Importer(815301076,1909f56bfc062723c751e8b465ee728b)
Start importing Assets/Enemies/FlyingEnemy/FlyingEnemy.fbx using Guid(0f1cd771e2e0e6d43a5d37f321aa9819) Importer(815301076,1909f56bfc062723c751e8b465ee728b)  -> (artifact id: '4fdabf03afb77ecd162d89d33f88514b') in 0.027068 seconds
  Import took 0.031105 seconds .

========================================================================
Received Import Request.
  Time since last request: 155.127305 seconds.
  path: Assets/Enemies/SmallEnemy/bugTex.png
  artifactKey: Guid(73561e4019ee379478040545fd3a606b) Importer(815301076,1909f56bfc062723c751e8b465ee728b)
Start importing Assets/Enemies/SmallEnemy/bugTex.png using Guid(73561e4019ee379478040545fd3a606b) Importer(815301076,1909f56bfc062723c751e8b465ee728b)  -> (artifact id: '3c4dfdefa99facd920c0ac7ba0936655') in 0.008929 seconds
  Import took 0.013686 seconds .

========================================================================
Received Import Request.
  Time since last request: 0.000370 seconds.
  path: Assets/Enemies/FlyingEnemy/FlyingBodyTex.png
  artifactKey: Guid(db8269cd7d7af814c93247baff99e1b8) Importer(815301076,1909f56bfc062723c751e8b465ee728b)
Start importing Assets/Enemies/FlyingEnemy/FlyingBodyTex.png using Guid(db8269cd7d7af814c93247baff99e1b8) Importer(815301076,1909f56bfc062723c751e8b465ee728b)  -> (artifact id: '8320bd543bbfa82542c6c43ff28cad47') in 0.009617 seconds
  Import took 0.012992 seconds .

========================================================================
Received Import Request.
  Time since last request: 0.001380 seconds.
  path: Assets/Enemies/SmallEnemy/bugTex.png
  artifactKey: Guid(73561e4019ee379478040545fd3a606b) Importer(815301076,1909f56bfc062723c751e8b465ee728b)
Start importing Assets/Enemies/SmallEnemy/bugTex.png using Guid(73561e4019ee379478040545fd3a606b) Importer(815301076,1909f56bfc062723c751e8b465ee728b)  -> (artifact id: '3c4dfdefa99facd920c0ac7ba0936655') in 0.007224 seconds
  Import took 0.011237 seconds .

========================================================================
Received Prepare
Registering precompiled user dll's ...
Registered in 0.002109 seconds.
Begin MonoManager ReloadAssembly
Native extension for WindowsStandalone target not found
Native extension for WebGL target not found
Refreshing native plugins compatible for Editor in 0.52 ms, found 0 plugins.
Preloading 0 native plugins for Editor in 0.00 ms.
Invoked RoslynAnalysisRunner static constructor.
RoslynAnalysisRunner will not be running.
RoslynAnalysisRunner has terminated.
Mono: successfully reloaded assembly
- Completed reload, in  0.941 seconds
Platform modules already initialized, skipping
Shader 'Universal Render Pipeline/Particles/Lit': fallback shader 'Universal Render Pipeline/Particles/SimpleLit' not found
Shader 'Universal Render Pipeline/Particles/Lit': fallback shader 'Universal Render Pipeline/Particles/SimpleLit' not found
Refreshing native plugins compatible for Editor in 0.44 ms, found 0 plugins.
Preloading 0 native plugins for Editor in 0.00 ms.
Unloading 2633 Unused Serialized files (Serialized files now loaded: 0)
System memory in use before: 142.6 MB.
System memory in use after: 140.7 MB.

Unloading 35 unused Assets to reduce memory usage. Loaded Objects now: 3223.
Total: 3.583500 ms (FindLiveObjects: 0.407100 ms CreateObjectMapping: 0.142600 ms MarkObjects: 1.959600 ms  DeleteObjects: 1.072600 ms)

========================================================================
Received Prepare
Registering precompiled user dll's ...
Registered in 0.001419 seconds.
Begin MonoManager ReloadAssembly
Native extension for WindowsStandalone target not found
Native extension for WebGL target not found
Refreshing native plugins compatible for Editor in 0.39 ms, found 0 plugins.
Preloading 0 native plugins for Editor in 0.00 ms.
Invoked RoslynAnalysisRunner static constructor.
RoslynAnalysisRunner will not be running.
RoslynAnalysisRunner has terminated.
Mono: successfully reloaded assembly
- Completed reload, in  0.819 seconds
Platform modules already initialized, skipping
Shader 'Universal Render Pipeline/Particles/Lit': fallback shader 'Universal Render Pipeline/Particles/SimpleLit' not found
Shader 'Universal Render Pipeline/Particles/Lit': fallback shader 'Universal Render Pipeline/Particles/SimpleLit' not found
Refreshing native plugins compatible for Editor in 0.38 ms, found 0 plugins.
Preloading 0 native plugins for Editor in 0.00 ms.
Unloading 2632 Unused Serialized files (Serialized files now loaded: 0)
System memory in use before: 142.6 MB.
System memory in use after: 140.7 MB.

Unloading 35 unused Assets to reduce memory usage. Loaded Objects now: 3225.
Total: 3.287800 ms (FindLiveObjects: 0.257100 ms CreateObjectMapping: 0.118400 ms MarkObjects: 1.789600 ms  DeleteObjects: 1.121900 ms)

========================================================================
Received Import Request.
  Time since last request: 412.960759 seconds.
  path: Assets/Enemies/HeavyEnemy/BigBugMat.mat
  artifactKey: Guid(10ff1880520053d4f9da3e3e8f6d47ad) Importer(815301076,1909f56bfc062723c751e8b465ee728b)
Start importing Assets/Enemies/HeavyEnemy/BigBugMat.mat using Guid(10ff1880520053d4f9da3e3e8f6d47ad) Importer(815301076,1909f56bfc062723c751e8b465ee728b)  -> (artifact id: '587b991af433bc142e649714177a098a') in 0.141016 seconds
  Import took 0.145591 seconds .

========================================================================
Received Prepare
Registering precompiled user dll's ...
Registered in 0.001431 seconds.
Begin MonoManager ReloadAssembly
Native extension for WindowsStandalone target not found
Native extension for WebGL target not found
Refreshing native plugins compatible for Editor in 0.39 ms, found 0 plugins.
Preloading 0 native plugins for Editor in 0.00 ms.
Invoked RoslynAnalysisRunner static constructor.
RoslynAnalysisRunner will not be running.
RoslynAnalysisRunner has terminated.
Mono: successfully reloaded assembly
- Completed reload, in  0.889 seconds
Platform modules already initialized, skipping
Shader 'Universal Render Pipeline/Particles/Lit': fallback shader 'Universal Render Pipeline/Particles/SimpleLit' not found
Shader 'Universal Render Pipeline/Particles/Lit': fallback shader 'Universal Render Pipeline/Particles/SimpleLit' not found
Refreshing native plugins compatible for Editor in 0.38 ms, found 0 plugins.
Preloading 0 native plugins for Editor in 0.00 ms.
Unloading 2632 Unused Serialized files (Serialized files now loaded: 0)
System memory in use before: 142.8 MB.
System memory in use after: 140.8 MB.

Unloading 35 unused Assets to reduce memory usage. Loaded Objects now: 3263.
Total: 3.319400 ms (FindLiveObjects: 0.243700 ms CreateObjectMapping: 0.118100 ms MarkObjects: 1.866200 ms  DeleteObjects: 1.090300 ms)

========================================================================
Received Prepare
Registering precompiled user dll's ...
Registered in 0.001577 seconds.
Begin MonoManager ReloadAssembly
Native extension for WindowsStandalone target not found
Native extension for WebGL target not found
Refreshing native plugins compatible for Editor in 0.37 ms, found 0 plugins.
Preloading 0 native plugins for Editor in 0.00 ms.
Invoked RoslynAnalysisRunner static constructor.
RoslynAnalysisRunner will not be running.
RoslynAnalysisRunner has terminated.
Mono: successfully reloaded assembly
- Completed reload, in  0.786 seconds
Platform modules already initialized, skipping
Shader 'Universal Render Pipeline/Particles/Lit': fallback shader 'Universal Render Pipeline/Particles/SimpleLit' not found
Shader 'Universal Render Pipeline/Particles/Lit': fallback shader 'Universal Render Pipeline/Particles/SimpleLit' not found
Refreshing native plugins compatible for Editor in 0.38 ms, found 0 plugins.
Preloading 0 native plugins for Editor in 0.00 ms.
Unloading 2632 Unused Serialized files (Serialized files now loaded: 0)
System memory in use before: 142.8 MB.
System memory in use after: 140.9 MB.

Unloading 35 unused Assets to reduce memory usage. Loaded Objects now: 3265.
Total: 3.707900 ms (FindLiveObjects: 0.430200 ms CreateObjectMapping: 0.227100 ms MarkObjects: 1.903500 ms  DeleteObjects: 1.146100 ms)

========================================================================
Received Prepare
Registering precompiled user dll's ...
Registered in 0.001516 seconds.
Begin MonoManager ReloadAssembly
Native extension for WindowsStandalone target not found
Native extension for WebGL target not found
Refreshing native plugins compatible for Editor in 0.48 ms, found 0 plugins.
Preloading 0 native plugins for Editor in 0.00 ms.
Invoked RoslynAnalysisRunner static constructor.
RoslynAnalysisRunner will not be running.
RoslynAnalysisRunner has terminated.
Mono: successfully reloaded assembly
- Completed reload, in  0.806 seconds
Platform modules already initialized, skipping
Shader 'Universal Render Pipeline/Particles/Lit': fallback shader 'Universal Render Pipeline/Particles/SimpleLit' not found
Shader 'Universal Render Pipeline/Particles/Lit': fallback shader 'Universal Render Pipeline/Particles/SimpleLit' not found
Refreshing native plugins compatible for Editor in 0.38 ms, found 0 plugins.
Preloading 0 native plugins for Editor in 0.00 ms.
Unloading 2632 Unused Serialized files (Serialized files now loaded: 0)
System memory in use before: 142.8 MB.
System memory in use after: 140.9 MB.

Unloading 35 unused Assets to reduce memory usage. Loaded Objects now: 3267.
Total: 3.410300 ms (FindLiveObjects: 0.293100 ms CreateObjectMapping: 0.131900 ms MarkObjects: 1.797200 ms  DeleteObjects: 1.186600 ms)

========================================================================
Received Prepare
Registering precompiled user dll's ...
Registered in 0.001417 seconds.
Begin MonoManager ReloadAssembly
Native extension for WindowsStandalone target not found
Native extension for WebGL target not found
Refreshing native plugins compatible for Editor in 0.54 ms, found 0 plugins.
Preloading 0 native plugins for Editor in 0.00 ms.
Invoked RoslynAnalysisRunner static constructor.
RoslynAnalysisRunner will not be running.
RoslynAnalysisRunner has terminated.
Mono: successfully reloaded assembly
- Completed reload, in  0.832 seconds
Platform modules already initialized, skipping
Shader 'Universal Render Pipeline/Particles/Lit': fallback shader 'Universal Render Pipeline/Particles/SimpleLit' not found
Shader 'Universal Render Pipeline/Particles/Lit': fallback shader 'Universal Render Pipeline/Particles/SimpleLit' not found
Refreshing native plugins compatible for Editor in 0.38 ms, found 0 plugins.
Preloading 0 native plugins for Editor in 0.00 ms.
Unloading 2632 Unused Serialized files (Serialized files now loaded: 0)
System memory in use before: 142.8 MB.
System memory in use after: 140.9 MB.

Unloading 35 unused Assets to reduce memory usage. Loaded Objects now: 3269.
Total: 3.749200 ms (FindLiveObjects: 0.268600 ms CreateObjectMapping: 0.171400 ms MarkObjects: 1.974800 ms  DeleteObjects: 1.332900 ms)

========================================================================
Received Import Request.
  Time since last request: 1111.710427 seconds.
  path: Assets/myCons.inputactions
  artifactKey: Guid(43a428addaae4964dbbc069c930ce91c) Importer(815301076,1909f56bfc062723c751e8b465ee728b)
Start importing Assets/myCons.inputactions using Guid(43a428addaae4964dbbc069c930ce91c) Importer(815301076,1909f56bfc062723c751e8b465ee728b)  -> (artifact id: '81c52d2bd0a21143f1047611d8b99593') in 0.028682 seconds
  Import took 0.032770 seconds .

========================================================================
Received Import Request.
  Time since last request: 0.086703 seconds.
  path: Assets/myCons.inputactions
  artifactKey: Guid(43a428addaae4964dbbc069c930ce91c) Importer(815301076,1909f56bfc062723c751e8b465ee728b)
Start importing Assets/myCons.inputactions using Guid(43a428addaae4964dbbc069c930ce91c) Importer(815301076,1909f56bfc062723c751e8b465ee728b)  -> (artifact id: '81c52d2bd0a21143f1047611d8b99593') in 0.004803 seconds
  Import took 0.008909 seconds .

========================================================================
Received Prepare
Registering precompiled user dll's ...
Registered in 0.001565 seconds.
Begin MonoManager ReloadAssembly
Native extension for WindowsStandalone target not found
Native extension for WebGL target not found
Refreshing native plugins compatible for Editor in 0.39 ms, found 0 plugins.
Preloading 0 native plugins for Editor in 0.00 ms.
Invoked RoslynAnalysisRunner static constructor.
RoslynAnalysisRunner will not be running.
RoslynAnalysisRunner has terminated.
Mono: successfully reloaded assembly
- Completed reload, in  0.832 seconds
Platform modules already initialized, skipping
Shader 'Universal Render Pipeline/Particles/Lit': fallback shader 'Universal Render Pipeline/Particles/SimpleLit' not found
Shader 'Universal Render Pipeline/Particles/Lit': fallback shader 'Universal Render Pipeline/Particles/SimpleLit' not found
Refreshing native plugins compatible for Editor in 0.38 ms, found 0 plugins.
Preloading 0 native plugins for Editor in 0.00 ms.
Unloading 2632 Unused Serialized files (Serialized files now loaded: 0)
System memory in use before: 142.9 MB.
System memory in use after: 140.9 MB.

Unloading 35 unused Assets to reduce memory usage. Loaded Objects now: 3271.
Total: 3.381100 ms (FindLiveObjects: 0.254200 ms CreateObjectMapping: 0.116000 ms MarkObjects: 1.862300 ms  DeleteObjects: 1.147600 ms)

========================================================================
Received Prepare
Registering precompiled user dll's ...
Registered in 0.001408 seconds.
Begin MonoManager ReloadAssembly
Native extension for WindowsStandalone target not found
Native extension for WebGL target not found
Refreshing native plugins compatible for Editor in 0.40 ms, found 0 plugins.
Preloading 0 native plugins for Editor in 0.00 ms.
Invoked RoslynAnalysisRunner static constructor.
RoslynAnalysisRunner will not be running.
RoslynAnalysisRunner has terminated.
Mono: successfully reloaded assembly
- Completed reload, in  0.798 seconds
Platform modules already initialized, skipping
Shader 'Universal Render Pipeline/Particles/Lit': fallback shader 'Universal Render Pipeline/Particles/SimpleLit' not found
Shader 'Universal Render Pipeline/Particles/Lit': fallback shader 'Universal Render Pipeline/Particles/SimpleLit' not found
Refreshing native plugins compatible for Editor in 0.37 ms, found 0 plugins.
Preloading 0 native plugins for Editor in 0.00 ms.
Unloading 2632 Unused Serialized files (Serialized files now loaded: 0)
System memory in use before: 142.8 MB.
System memory in use after: 140.9 MB.

Unloading 35 unused Assets to reduce memory usage. Loaded Objects now: 3273.
Total: 3.607900 ms (FindLiveObjects: 0.254000 ms CreateObjectMapping: 0.112300 ms MarkObjects: 2.007300 ms  DeleteObjects: 1.233400 ms)

========================================================================
Received Prepare
Registering precompiled user dll's ...
Registered in 0.001387 seconds.
Begin MonoManager ReloadAssembly
Native extension for WindowsStandalone target not found
Native extension for WebGL target not found
Refreshing native plugins compatible for Editor in 0.38 ms, found 0 plugins.
Preloading 0 native plugins for Editor in 0.00 ms.
Invoked RoslynAnalysisRunner static constructor.
RoslynAnalysisRunner will not be running.
RoslynAnalysisRunner has terminated.
Mono: successfully reloaded assembly
- Completed reload, in  0.791 seconds
Platform modules already initialized, skipping
Shader 'Universal Render Pipeline/Particles/Lit': fallback shader 'Universal Render Pipeline/Particles/SimpleLit' not found
Shader 'Universal Render Pipeline/Particles/Lit': fallback shader 'Universal Render Pipeline/Particles/SimpleLit' not found
Refreshing native plugins compatible for Editor in 0.38 ms, found 0 plugins.
Preloading 0 native plugins for Editor in 0.00 ms.
Unloading 2632 Unused Serialized files (Serialized files now loaded: 0)
System memory in use before: 142.8 MB.
System memory in use after: 140.9 MB.

Unloading 35 unused Assets to reduce memory usage. Loaded Objects now: 3275.
Total: 3.153600 ms (FindLiveObjects: 0.249200 ms CreateObjectMapping: 0.112200 ms MarkObjects: 1.642600 ms  DeleteObjects: 1.148600 ms)

========================================================================
Received Prepare
Registering precompiled user dll's ...
Registered in 0.001413 seconds.
Begin MonoManager ReloadAssembly
Native extension for WindowsStandalone target not found
Native extension for WebGL target not found
Refreshing native plugins compatible for Editor in 0.40 ms, found 0 plugins.
Preloading 0 native plugins for Editor in 0.00 ms.
Invoked RoslynAnalysisRunner static constructor.
RoslynAnalysisRunner will not be running.
RoslynAnalysisRunner has terminated.
Mono: successfully reloaded assembly
- Completed reload, in  0.834 seconds
Platform modules already initialized, skipping
Shader 'Universal Render Pipeline/Particles/Lit': fallback shader 'Universal Render Pipeline/Particles/SimpleLit' not found
Shader 'Universal Render Pipeline/Particles/Lit': fallback shader 'Universal Render Pipeline/Particles/SimpleLit' not found
Refreshing native plugins compatible for Editor in 0.40 ms, found 0 plugins.
Preloading 0 native plugins for Editor in 0.00 ms.
Unloading 2632 Unused Serialized files (Serialized files now loaded: 0)
System memory in use before: 142.9 MB.
System memory in use after: 140.9 MB.

Unloading 35 unused Assets to reduce memory usage. Loaded Objects now: 3277.
Total: 3.676300 ms (FindLiveObjects: 0.285000 ms CreateObjectMapping: 0.134300 ms MarkObjects: 2.019100 ms  DeleteObjects: 1.236600 ms)

========================================================================
Received Prepare
Registering precompiled user dll's ...
Registered in 0.001391 seconds.
Begin MonoManager ReloadAssembly
Native extension for WindowsStandalone target not found
Native extension for WebGL target not found
Refreshing native plugins compatible for Editor in 0.40 ms, found 0 plugins.
Preloading 0 native plugins for Editor in 0.00 ms.
Invoked RoslynAnalysisRunner static constructor.
RoslynAnalysisRunner will not be running.
RoslynAnalysisRunner has terminated.
Mono: successfully reloaded assembly
- Completed reload, in  0.827 seconds
Platform modules already initialized, skipping
Shader 'Universal Render Pipeline/Particles/Lit': fallback shader 'Universal Render Pipeline/Particles/SimpleLit' not found
Shader 'Universal Render Pipeline/Particles/Lit': fallback shader 'Universal Render Pipeline/Particles/SimpleLit' not found
Refreshing native plugins compatible for Editor in 0.40 ms, found 0 plugins.
Preloading 0 native plugins for Editor in 0.00 ms.
Unloading 2632 Unused Serialized files (Serialized files now loaded: 0)
System memory in use before: 142.9 MB.
System memory in use after: 140.9 MB.

Unloading 35 unused Assets to reduce memory usage. Loaded Objects now: 3279.
Total: 3.803500 ms (FindLiveObjects: 0.276900 ms CreateObjectMapping: 0.124100 ms MarkObjects: 2.056400 ms  DeleteObjects: 1.345000 ms)

========================================================================
Received Prepare
Registering precompiled user dll's ...
Registered in 0.001417 seconds.
Begin MonoManager ReloadAssembly
Native extension for WindowsStandalone target not found
Native extension for WebGL target not found
Refreshing native plugins compatible for Editor in 0.58 ms, found 0 plugins.
Preloading 0 native plugins for Editor in 0.00 ms.
Invoked RoslynAnalysisRunner static constructor.
RoslynAnalysisRunner will not be running.
RoslynAnalysisRunner has terminated.
Mono: successfully reloaded assembly
- Completed reload, in  0.833 seconds
Platform modules already initialized, skipping
Shader 'Universal Render Pipeline/Particles/Lit': fallback shader 'Universal Render Pipeline/Particles/SimpleLit' not found
Shader 'Universal Render Pipeline/Particles/Lit': fallback shader 'Universal Render Pipeline/Particles/SimpleLit' not found
Refreshing native plugins compatible for Editor in 0.37 ms, found 0 plugins.
Preloading 0 native plugins for Editor in 0.00 ms.
Unloading 2632 Unused Serialized files (Serialized files now loaded: 0)
System memory in use before: 142.9 MB.
System memory in use after: 140.9 MB.

Unloading 35 unused Assets to reduce memory usage. Loaded Objects now: 3281.
Total: 3.209200 ms (FindLiveObjects: 0.267000 ms CreateObjectMapping: 0.117800 ms MarkObjects: 1.670100 ms  DeleteObjects: 1.153200 ms)

========================================================================
Received Prepare
Registering precompiled user dll's ...
Registered in 0.001399 seconds.
Begin MonoManager ReloadAssembly
Native extension for WindowsStandalone target not found
Native extension for WebGL target not found
Refreshing native plugins compatible for Editor in 0.44 ms, found 0 plugins.
Preloading 0 native plugins for Editor in 0.00 ms.
Invoked RoslynAnalysisRunner static constructor.
RoslynAnalysisRunner will not be running.
RoslynAnalysisRunner has terminated.
Mono: successfully reloaded assembly
- Completed reload, in  0.837 seconds
Platform modules already initialized, skipping
Shader 'Universal Render Pipeline/Particles/Lit': fallback shader 'Universal Render Pipeline/Particles/SimpleLit' not found
Shader 'Universal Render Pipeline/Particles/Lit': fallback shader 'Universal Render Pipeline/Particles/SimpleLit' not found
Refreshing native plugins compatible for Editor in 0.43 ms, found 0 plugins.
Preloading 0 native plugins for Editor in 0.00 ms.
Unloading 2632 Unused Serialized files (Serialized files now loaded: 0)
System memory in use before: 142.9 MB.
System memory in use after: 140.9 MB.

Unloading 35 unused Assets to reduce memory usage. Loaded Objects now: 3283.
Total: 3.717800 ms (FindLiveObjects: 0.316400 ms CreateObjectMapping: 0.148600 ms MarkObjects: 1.962300 ms  DeleteObjects: 1.289300 ms)

========================================================================
Received Prepare
Registering precompiled user dll's ...
Registered in 0.001422 seconds.
Begin MonoManager ReloadAssembly
Native extension for WindowsStandalone target not found
Native extension for WebGL target not found
Refreshing native plugins compatible for Editor in 0.40 ms, found 0 plugins.
Preloading 0 native plugins for Editor in 0.00 ms.
Invoked RoslynAnalysisRunner static constructor.
RoslynAnalysisRunner will not be running.
RoslynAnalysisRunner has terminated.
Mono: successfully reloaded assembly
- Completed reload, in  0.865 seconds
Platform modules already initialized, skipping
Shader 'Universal Render Pipeline/Particles/Lit': fallback shader 'Universal Render Pipeline/Particles/SimpleLit' not found
Shader 'Universal Render Pipeline/Particles/Lit': fallback shader 'Universal Render Pipeline/Particles/SimpleLit' not found
Refreshing native plugins compatible for Editor in 0.39 ms, found 0 plugins.
Preloading 0 native plugins for Editor in 0.00 ms.
Unloading 2632 Unused Serialized files (Serialized files now loaded: 0)
System memory in use before: 142.9 MB.
System memory in use after: 141.0 MB.

Unloading 35 unused Assets to reduce memory usage. Loaded Objects now: 3285.
Total: 3.368100 ms (FindLiveObjects: 0.264000 ms CreateObjectMapping: 0.118500 ms MarkObjects: 1.791600 ms  DeleteObjects: 1.193000 ms)

========================================================================
Received Import Request.
  Time since last request: 1000.001393 seconds.
  path: ProjectSettings/TagManager.asset
  artifactKey: Guid(00000000000000003000000000000000) Importer(815301076,1909f56bfc062723c751e8b465ee728b)
Start importing ProjectSettings/TagManager.asset using Guid(00000000000000003000000000000000) Importer(815301076,1909f56bfc062723c751e8b465ee728b)  -> (artifact id: '470e31d8d99a9e69b1c7af0e5dce13f0') in 0.015712 seconds
  Import took 0.019633 seconds .

========================================================================
Received Import Request.
  Time since last request: 28.460405 seconds.
  path: Assets/Enemy.cs
  artifactKey: Guid(c077dfc001e561a4487de1eb79e6097e) Importer(815301076,1909f56bfc062723c751e8b465ee728b)
Start importing Assets/Enemy.cs using Guid(c077dfc001e561a4487de1eb79e6097e) Importer(815301076,1909f56bfc062723c751e8b465ee728b)  -> (artifact id: 'd2988d527409d1e6b30ff24232d2b887') in 0.007561 seconds
  Import took 0.011514 seconds .

========================================================================
Received Import Request.
  Time since last request: 0.000603 seconds.
  path: Assets/Enemy.cs
  artifactKey: Guid(c077dfc001e561a4487de1eb79e6097e) Importer(815301076,1909f56bfc062723c751e8b465ee728b)
Start importing Assets/Enemy.cs using Guid(c077dfc001e561a4487de1eb79e6097e) Importer(815301076,1909f56bfc062723c751e8b465ee728b)  -> (artifact id: 'd2988d527409d1e6b30ff24232d2b887') in 0.002644 seconds
  Import took 0.007038 seconds .

========================================================================
Received Prepare
Registering precompiled user dll's ...
Registered in 0.001406 seconds.
Begin MonoManager ReloadAssembly
Native extension for WindowsStandalone target not found
Native extension for WebGL target not found
Refreshing native plugins compatible for Editor in 0.38 ms, found 0 plugins.
Preloading 0 native plugins for Editor in 0.00 ms.
Invoked RoslynAnalysisRunner static constructor.
RoslynAnalysisRunner will not be running.
RoslynAnalysisRunner has terminated.
Mono: successfully reloaded assembly
- Completed reload, in  0.819 seconds
Platform modules already initialized, skipping
Shader 'Universal Render Pipeline/Particles/Lit': fallback shader 'Universal Render Pipeline/Particles/SimpleLit' not found
Shader 'Universal Render Pipeline/Particles/Lit': fallback shader 'Universal Render Pipeline/Particles/SimpleLit' not found
Refreshing native plugins compatible for Editor in 0.39 ms, found 0 plugins.
Preloading 0 native plugins for Editor in 0.00 ms.
Unloading 2633 Unused Serialized files (Serialized files now loaded: 0)
System memory in use before: 142.9 MB.
System memory in use after: 141.0 MB.

Unloading 36 unused Assets to reduce memory usage. Loaded Objects now: 3288.
Total: 3.676200 ms (FindLiveObjects: 0.285300 ms CreateObjectMapping: 0.123200 ms MarkObjects: 1.997400 ms  DeleteObjects: 1.269100 ms)

========================================================================
Received Import Request.
  Time since last request: 286.479807 seconds.
  path: Assets/Scripts/Enemy.cs
  artifactKey: Guid(c077dfc001e561a4487de1eb79e6097e) Importer(815301076,1909f56bfc062723c751e8b465ee728b)
Start importing Assets/Scripts/Enemy.cs using Guid(c077dfc001e561a4487de1eb79e6097e) Importer(815301076,1909f56bfc062723c751e8b465ee728b)  -> (artifact id: 'b310f98847448bd100fa4ccb82ff7247') in 0.005369 seconds
  Import took 0.009475 seconds .

========================================================================
Received Prepare
Registering precompiled user dll's ...
Registered in 0.001441 seconds.
Begin MonoManager ReloadAssembly
Native extension for WindowsStandalone target not found
Native extension for WebGL target not found
Refreshing native plugins compatible for Editor in 0.38 ms, found 0 plugins.
Preloading 0 native plugins for Editor in 0.00 ms.
Invoked RoslynAnalysisRunner static constructor.
RoslynAnalysisRunner will not be running.
RoslynAnalysisRunner has terminated.
Mono: successfully reloaded assembly
- Completed reload, in  0.852 seconds
Platform modules already initialized, skipping
Shader 'Universal Render Pipeline/Particles/Lit': fallback shader 'Universal Render Pipeline/Particles/SimpleLit' not found
Shader 'Universal Render Pipeline/Particles/Lit': fallback shader 'Universal Render Pipeline/Particles/SimpleLit' not found
Refreshing native plugins compatible for Editor in 0.42 ms, found 0 plugins.
Preloading 0 native plugins for Editor in 0.00 ms.
Unloading 2633 Unused Serialized files (Serialized files now loaded: 0)
System memory in use before: 143.0 MB.
System memory in use after: 141.0 MB.

Unloading 35 unused Assets to reduce memory usage. Loaded Objects now: 3290.
Total: 4.417700 ms (FindLiveObjects: 0.396200 ms CreateObjectMapping: 0.203000 ms MarkObjects: 2.357400 ms  DeleteObjects: 1.459800 ms)

========================================================================
Received Prepare
Registering precompiled user dll's ...
Registered in 0.001397 seconds.
Begin MonoManager ReloadAssembly
Native extension for WindowsStandalone target not found
Native extension for WebGL target not found
Refreshing native plugins compatible for Editor in 0.38 ms, found 0 plugins.
Preloading 0 native plugins for Editor in 0.00 ms.
Invoked RoslynAnalysisRunner static constructor.
RoslynAnalysisRunner will not be running.
RoslynAnalysisRunner has terminated.
Mono: successfully reloaded assembly
- Completed reload, in  0.805 seconds
Platform modules already initialized, skipping
Shader 'Universal Render Pipeline/Particles/Lit': fallback shader 'Universal Render Pipeline/Particles/SimpleLit' not found
Shader 'Universal Render Pipeline/Particles/Lit': fallback shader 'Universal Render Pipeline/Particles/SimpleLit' not found
Refreshing native plugins compatible for Editor in 0.39 ms, found 0 plugins.
Preloading 0 native plugins for Editor in 0.00 ms.
Unloading 2633 Unused Serialized files (Serialized files now loaded: 0)
System memory in use before: 142.9 MB.
System memory in use after: 141.0 MB.

Unloading 35 unused Assets to reduce memory usage. Loaded Objects now: 3292.
Total: 3.244500 ms (FindLiveObjects: 0.256900 ms CreateObjectMapping: 0.118100 ms MarkObjects: 1.696400 ms  DeleteObjects: 1.172100 ms)

========================================================================
Received Prepare
Registering precompiled user dll's ...
Registered in 0.001505 seconds.
Begin MonoManager ReloadAssembly
Native extension for WindowsStandalone target not found
Native extension for WebGL target not found
Refreshing native plugins compatible for Editor in 0.40 ms, found 0 plugins.
Preloading 0 native plugins for Editor in 0.00 ms.
Invoked RoslynAnalysisRunner static constructor.
RoslynAnalysisRunner will not be running.
RoslynAnalysisRunner has terminated.
Mono: successfully reloaded assembly
- Completed reload, in  0.836 seconds
Platform modules already initialized, skipping
Shader 'Universal Render Pipeline/Particles/Lit': fallback shader 'Universal Render Pipeline/Particles/SimpleLit' not found
Shader 'Universal Render Pipeline/Particles/Lit': fallback shader 'Universal Render Pipeline/Particles/SimpleLit' not found
Refreshing native plugins compatible for Editor in 0.39 ms, found 0 plugins.
Preloading 0 native plugins for Editor in 0.00 ms.
Unloading 2633 Unused Serialized files (Serialized files now loaded: 0)
System memory in use before: 143.0 MB.
System memory in use after: 141.0 MB.

Unloading 35 unused Assets to reduce memory usage. Loaded Objects now: 3294.
Total: 3.175000 ms (FindLiveObjects: 0.240800 ms CreateObjectMapping: 0.103200 ms MarkObjects: 1.659000 ms  DeleteObjects: 1.171000 ms)

========================================================================
Received Prepare
Registering precompiled user dll's ...
Registered in 0.001609 seconds.
Begin MonoManager ReloadAssembly
Native extension for WindowsStandalone target not found
Native extension for WebGL target not found
Refreshing native plugins compatible for Editor in 0.38 ms, found 0 plugins.
Preloading 0 native plugins for Editor in 0.00 ms.
Invoked RoslynAnalysisRunner static constructor.
RoslynAnalysisRunner will not be running.
RoslynAnalysisRunner has terminated.
Mono: successfully reloaded assembly
- Completed reload, in  0.823 seconds
Platform modules already initialized, skipping
Shader 'Universal Render Pipeline/Particles/Lit': fallback shader 'Universal Render Pipeline/Particles/SimpleLit' not found
Shader 'Universal Render Pipeline/Particles/Lit': fallback shader 'Universal Render Pipeline/Particles/SimpleLit' not found
Refreshing native plugins compatible for Editor in 0.40 ms, found 0 plugins.
Preloading 0 native plugins for Editor in 0.00 ms.
Unloading 2633 Unused Serialized files (Serialized files now loaded: 0)
System memory in use before: 142.9 MB.
System memory in use after: 141.0 MB.

Unloading 35 unused Assets to reduce memory usage. Loaded Objects now: 3296.
Total: 3.477800 ms (FindLiveObjects: 0.259300 ms CreateObjectMapping: 0.123600 ms MarkObjects: 1.892000 ms  DeleteObjects: 1.202200 ms)

========================================================================
Received Prepare
Registering precompiled user dll's ...
Registered in 0.001641 seconds.
Begin MonoManager ReloadAssembly
Native extension for WindowsStandalone target not found
Native extension for WebGL target not found
Refreshing native plugins compatible for Editor in 0.39 ms, found 0 plugins.
Preloading 0 native plugins for Editor in 0.00 ms.
Invoked RoslynAnalysisRunner static constructor.
RoslynAnalysisRunner will not be running.
RoslynAnalysisRunner has terminated.
Mono: successfully reloaded assembly
- Completed reload, in  0.816 seconds
Platform modules already initialized, skipping
Shader 'Universal Render Pipeline/Particles/Lit': fallback shader 'Universal Render Pipeline/Particles/SimpleLit' not found
Shader 'Universal Render Pipeline/Particles/Lit': fallback shader 'Universal Render Pipeline/Particles/SimpleLit' not found
Refreshing native plugins compatible for Editor in 0.41 ms, found 0 plugins.
Preloading 0 native plugins for Editor in 0.00 ms.
Unloading 2633 Unused Serialized files (Serialized files now loaded: 0)
System memory in use before: 143.0 MB.
System memory in use after: 141.0 MB.

Unloading 35 unused Assets to reduce memory usage. Loaded Objects now: 3298.
Total: 4.803500 ms (FindLiveObjects: 0.423400 ms CreateObjectMapping: 0.262700 ms MarkObjects: 2.732800 ms  DeleteObjects: 1.383000 ms)

========================================================================
Received Import Request.
  Time since last request: 447.296555 seconds.
  path: Assets/Enemies/SmallEnemy
  artifactKey: Guid(3f069e866b0e76746a8b03f1f5f91734) Importer(815301076,1909f56bfc062723c751e8b465ee728b)
Start importing Assets/Enemies/SmallEnemy using Guid(3f069e866b0e76746a8b03f1f5f91734) Importer(815301076,1909f56bfc062723c751e8b465ee728b)  -> (artifact id: '57b36772704bc948ce38b2a6c38110e5') in 0.008622 seconds
  Import took 0.013099 seconds .

========================================================================
Received Import Request.
  Time since last request: 0.044530 seconds.
  path: Assets/Enemies/SmallEnemy/bugMesh.fbx
  artifactKey: Guid(b3bdf198ce9d97840b47a6f4ca6febff) Importer(815301076,1909f56bfc062723c751e8b465ee728b)
Start importing Assets/Enemies/SmallEnemy/bugMesh.fbx using Guid(b3bdf198ce9d97840b47a6f4ca6febff) Importer(815301076,1909f56bfc062723c751e8b465ee728b)  -> (artifact id: '0ab646fc4df7157b961f939ad01d14f1') in 0.150216 seconds
  Import took 0.154438 seconds .

========================================================================
Received Import Request.
  Time since last request: 0.000357 seconds.
  path: Assets/Enemies/SmallEnemy/smallBug.prefab
  artifactKey: Guid(f9bd5bc80150fc44eb1cdfdc2ac4cfda) Importer(815301076,1909f56bfc062723c751e8b465ee728b)
Start importing Assets/Enemies/SmallEnemy/smallBug.prefab using Guid(f9bd5bc80150fc44eb1cdfdc2ac4cfda) Importer(815301076,1909f56bfc062723c751e8b465ee728b)  -> (artifact id: '5bf373454c849fb71aa821306cc19fb7') in 0.020407 seconds
  Import took 0.024070 seconds .

========================================================================
Received Import Request.
  Time since last request: 0.004273 seconds.
  path: Assets/Enemies/SmallEnemy/smallBug.prefab
  artifactKey: Guid(f9bd5bc80150fc44eb1cdfdc2ac4cfda) Importer(815301076,1909f56bfc062723c751e8b465ee728b)
Start importing Assets/Enemies/SmallEnemy/smallBug.prefab using Guid(f9bd5bc80150fc44eb1cdfdc2ac4cfda) Importer(815301076,1909f56bfc062723c751e8b465ee728b)  -> (artifact id: '5bf373454c849fb71aa821306cc19fb7') in 0.012914 seconds
  Import took 0.016981 seconds .

========================================================================
Received Prepare
Registering precompiled user dll's ...
Registered in 0.001434 seconds.
Begin MonoManager ReloadAssembly
Native extension for WindowsStandalone target not found
Native extension for WebGL target not found
Refreshing native plugins compatible for Editor in 0.40 ms, found 0 plugins.
Preloading 0 native plugins for Editor in 0.00 ms.
Invoked RoslynAnalysisRunner static constructor.
RoslynAnalysisRunner will not be running.
RoslynAnalysisRunner has terminated.
Mono: successfully reloaded assembly
- Completed reload, in  0.796 seconds
Platform modules already initialized, skipping
Shader 'Universal Render Pipeline/Particles/Lit': fallback shader 'Universal Render Pipeline/Particles/SimpleLit' not found
Shader 'Universal Render Pipeline/Particles/Lit': fallback shader 'Universal Render Pipeline/Particles/SimpleLit' not found
Refreshing native plugins compatible for Editor in 0.40 ms, found 0 plugins.
Preloading 0 native plugins for Editor in 0.00 ms.
Unloading 2633 Unused Serialized files (Serialized files now loaded: 0)
System memory in use before: 143.2 MB.
System memory in use after: 141.3 MB.

Unloading 35 unused Assets to reduce memory usage. Loaded Objects now: 3336.
Total: 3.577000 ms (FindLiveObjects: 0.263400 ms CreateObjectMapping: 0.118900 ms MarkObjects: 1.925500 ms  DeleteObjects: 1.268300 ms)

========================================================================
Received Import Request.
  Time since last request: 41.469203 seconds.
  path: Assets/Enemies/SmallEnemy/bugMatx.mat
  artifactKey: Guid(f86598dc5b173184e984cf46b4ee9f40) Importer(815301076,1909f56bfc062723c751e8b465ee728b)
Start importing Assets/Enemies/SmallEnemy/bugMatx.mat using Guid(f86598dc5b173184e984cf46b4ee9f40) Importer(815301076,1909f56bfc062723c751e8b465ee728b)  -> (artifact id: '0961dc62e02213e739c9a4d0c0f3f3e8') in 0.145094 seconds
  Import took 0.149115 seconds .

========================================================================
Received Import Request.
  Time since last request: 0.000329 seconds.
  path: Assets/Enemies/SmallEnemy/New Material.mat
  artifactKey: Guid(63b87d0bfe615c440a9616359f63959f) Importer(815301076,1909f56bfc062723c751e8b465ee728b)
Start importing Assets/Enemies/SmallEnemy/New Material.mat using Guid(63b87d0bfe615c440a9616359f63959f) Importer(815301076,1909f56bfc062723c751e8b465ee728b)  -> (artifact id: '77bcf962c1068410023351b4528ff7c4') in 0.186614 seconds
  Import took 0.190176 seconds .

========================================================================
Received Import Request.
  Time since last request: 15.036396 seconds.
  path: Assets/Enemies/SmallEnemy/bugMesh.fbx
  artifactKey: Guid(b3bdf198ce9d97840b47a6f4ca6febff) Importer(815301076,1909f56bfc062723c751e8b465ee728b)
Start importing Assets/Enemies/SmallEnemy/bugMesh.fbx using Guid(b3bdf198ce9d97840b47a6f4ca6febff) Importer(815301076,1909f56bfc062723c751e8b465ee728b)  -> (artifact id: '88fcc5083a8ec0e6d9e40d636de31894') in 0.040829 seconds
  Import took 0.045036 seconds .

========================================================================
Received Prepare
Registering precompiled user dll's ...
Registered in 0.001387 seconds.
Begin MonoManager ReloadAssembly
Native extension for WindowsStandalone target not found
Native extension for WebGL target not found
Refreshing native plugins compatible for Editor in 0.64 ms, found 0 plugins.
Preloading 0 native plugins for Editor in 0.00 ms.
Invoked RoslynAnalysisRunner static constructor.
RoslynAnalysisRunner will not be running.
RoslynAnalysisRunner has terminated.
Mono: successfully reloaded assembly
- Completed reload, in  0.848 seconds
Platform modules already initialized, skipping
Shader 'Universal Render Pipeline/Particles/Lit': fallback shader 'Universal Render Pipeline/Particles/SimpleLit' not found
Shader 'Universal Render Pipeline/Particles/Lit': fallback shader 'Universal Render Pipeline/Particles/SimpleLit' not found
Refreshing native plugins compatible for Editor in 0.40 ms, found 0 plugins.
Preloading 0 native plugins for Editor in 0.00 ms.
Unloading 2634 Unused Serialized files (Serialized files now loaded: 0)
System memory in use before: 143.5 MB.
System memory in use after: 141.7 MB.

Unloading 34 unused Assets to reduce memory usage. Loaded Objects now: 3376.
Total: 3.140900 ms (FindLiveObjects: 0.239100 ms CreateObjectMapping: 0.102300 ms MarkObjects: 1.728000 ms  DeleteObjects: 1.070800 ms)

========================================================================
Received Prepare
Registering precompiled user dll's ...
Registered in 0.001369 seconds.
Begin MonoManager ReloadAssembly
Native extension for WindowsStandalone target not found
Native extension for WebGL target not found
Refreshing native plugins compatible for Editor in 0.38 ms, found 0 plugins.
Preloading 0 native plugins for Editor in 0.00 ms.
Invoked RoslynAnalysisRunner static constructor.
RoslynAnalysisRunner will not be running.
RoslynAnalysisRunner has terminated.
Mono: successfully reloaded assembly
- Completed reload, in  0.876 seconds
Platform modules already initialized, skipping
Shader 'Universal Render Pipeline/Particles/Lit': fallback shader 'Universal Render Pipeline/Particles/SimpleLit' not found
Shader 'Universal Render Pipeline/Particles/Lit': fallback shader 'Universal Render Pipeline/Particles/SimpleLit' not found
Refreshing native plugins compatible for Editor in 0.51 ms, found 0 plugins.
Preloading 0 native plugins for Editor in 0.00 ms.
Unloading 2633 Unused Serialized files (Serialized files now loaded: 0)
System memory in use before: 143.4 MB.
System memory in use after: 141.6 MB.

Unloading 34 unused Assets to reduce memory usage. Loaded Objects now: 3378.
Total: 3.963500 ms (FindLiveObjects: 0.327400 ms CreateObjectMapping: 0.188700 ms MarkObjects: 2.110800 ms  DeleteObjects: 1.335000 ms)

========================================================================
Received Import Request.
  Time since last request: 236.656886 seconds.
  path: Assets/Resources/Prefabs/Explosion.prefab
  artifactKey: Guid(f2d8fe71c6463f94b917e04ea1dcff24) Importer(815301076,1909f56bfc062723c751e8b465ee728b)
Start importing Assets/Resources/Prefabs/Explosion.prefab using Guid(f2d8fe71c6463f94b917e04ea1dcff24) Importer(815301076,1909f56bfc062723c751e8b465ee728b)  -> (artifact id: 'f3098bfc6dc7db1fc7ced76e88fb9f7c') in 0.158418 seconds
  Import took 0.163611 seconds .

========================================================================
Received Import Request.
  Time since last request: 24.981668 seconds.
  path: Assets/Resources/Prefabs/Explosion.prefab
  artifactKey: Guid(f2d8fe71c6463f94b917e04ea1dcff24) Importer(815301076,1909f56bfc062723c751e8b465ee728b)
Start importing Assets/Resources/Prefabs/Explosion.prefab using Guid(f2d8fe71c6463f94b917e04ea1dcff24) Importer(815301076,1909f56bfc062723c751e8b465ee728b)  -> (artifact id: '3ffd4c325d94f53edf3b145e2ed45d34') in 0.011199 seconds
  Import took 0.015816 seconds .

========================================================================
Received Import Request.
  Time since last request: 1.810981 seconds.
  path: Assets/Resources/Prefabs/Explosion.prefab
  artifactKey: Guid(f2d8fe71c6463f94b917e04ea1dcff24) Importer(815301076,1909f56bfc062723c751e8b465ee728b)
Start importing Assets/Resources/Prefabs/Explosion.prefab using Guid(f2d8fe71c6463f94b917e04ea1dcff24) Importer(815301076,1909f56bfc062723c751e8b465ee728b)  -> (artifact id: '71aee472571ca72f90744d200c2e78c7') in 0.016087 seconds
  Import took 0.020321 seconds .

========================================================================
Received Prepare
Registering precompiled user dll's ...
Registered in 0.001401 seconds.
Begin MonoManager ReloadAssembly
Native extension for WindowsStandalone target not found
Native extension for WebGL target not found
Refreshing native plugins compatible for Editor in 0.41 ms, found 0 plugins.
Preloading 0 native plugins for Editor in 0.00 ms.
Invoked RoslynAnalysisRunner static constructor.
RoslynAnalysisRunner will not be running.
RoslynAnalysisRunner has terminated.
Mono: successfully reloaded assembly
- Completed reload, in  0.809 seconds
Platform modules already initialized, skipping
Shader 'Universal Render Pipeline/Particles/Lit': fallback shader 'Universal Render Pipeline/Particles/SimpleLit' not found
Shader 'Universal Render Pipeline/Particles/Lit': fallback shader 'Universal Render Pipeline/Particles/SimpleLit' not found
Refreshing native plugins compatible for Editor in 0.42 ms, found 0 plugins.
Preloading 0 native plugins for Editor in 0.00 ms.
Unloading 2633 Unused Serialized files (Serialized files now loaded: 0)
System memory in use before: 143.5 MB.
System memory in use after: 141.8 MB.

Unloading 34 unused Assets to reduce memory usage. Loaded Objects now: 3416.
Total: 3.339700 ms (FindLiveObjects: 0.267200 ms CreateObjectMapping: 0.116700 ms MarkObjects: 1.879900 ms  DeleteObjects: 1.074700 ms)

========================================================================
Received Prepare
Registering precompiled user dll's ...
Registered in 0.001533 seconds.
Begin MonoManager ReloadAssembly
Native extension for WindowsStandalone target not found
Native extension for WebGL target not found
Refreshing native plugins compatible for Editor in 0.38 ms, found 0 plugins.
Preloading 0 native plugins for Editor in 0.00 ms.
Invoked RoslynAnalysisRunner static constructor.
RoslynAnalysisRunner will not be running.
RoslynAnalysisRunner has terminated.
Mono: successfully reloaded assembly
- Completed reload, in  0.820 seconds
Platform modules already initialized, skipping
Shader 'Universal Render Pipeline/Particles/Lit': fallback shader 'Universal Render Pipeline/Particles/SimpleLit' not found
Shader 'Universal Render Pipeline/Particles/Lit': fallback shader 'Universal Render Pipeline/Particles/SimpleLit' not found
Refreshing native plugins compatible for Editor in 0.40 ms, found 0 plugins.
Preloading 0 native plugins for Editor in 0.00 ms.
Unloading 2633 Unused Serialized files (Serialized files now loaded: 0)
System memory in use before: 143.5 MB.
System memory in use after: 141.8 MB.

Unloading 34 unused Assets to reduce memory usage. Loaded Objects now: 3418.
Total: 3.688500 ms (FindLiveObjects: 0.294600 ms CreateObjectMapping: 0.127200 ms MarkObjects: 2.089700 ms  DeleteObjects: 1.176100 ms)

========================================================================
Received Prepare
Registering precompiled user dll's ...
Registered in 0.001544 seconds.
Begin MonoManager ReloadAssembly
Native extension for WindowsStandalone target not found
Native extension for WebGL target not found
Refreshing native plugins compatible for Editor in 0.42 ms, found 0 plugins.
Preloading 0 native plugins for Editor in 0.00 ms.
Invoked RoslynAnalysisRunner static constructor.
RoslynAnalysisRunner will not be running.
RoslynAnalysisRunner has terminated.
Mono: successfully reloaded assembly
- Completed reload, in  0.853 seconds
Platform modules already initialized, skipping
Shader 'Universal Render Pipeline/Particles/Lit': fallback shader 'Universal Render Pipeline/Particles/SimpleLit' not found
Shader 'Universal Render Pipeline/Particles/Lit': fallback shader 'Universal Render Pipeline/Particles/SimpleLit' not found
Refreshing native plugins compatible for Editor in 0.38 ms, found 0 plugins.
Preloading 0 native plugins for Editor in 0.00 ms.
Unloading 2633 Unused Serialized files (Serialized files now loaded: 0)
System memory in use before: 143.4 MB.
System memory in use after: 141.6 MB.

Unloading 34 unused Assets to reduce memory usage. Loaded Objects now: 3420.
Total: 3.812500 ms (FindLiveObjects: 0.276200 ms CreateObjectMapping: 0.128800 ms MarkObjects: 2.198800 ms  DeleteObjects: 1.207600 ms)

========================================================================
Received Prepare
Registering precompiled user dll's ...
Registered in 0.001503 seconds.
Begin MonoManager ReloadAssembly
Native extension for WindowsStandalone target not found
Native extension for WebGL target not found
Refreshing native plugins compatible for Editor in 0.39 ms, found 0 plugins.
Preloading 0 native plugins for Editor in 0.00 ms.
Invoked RoslynAnalysisRunner static constructor.
RoslynAnalysisRunner will not be running.
RoslynAnalysisRunner has terminated.
Mono: successfully reloaded assembly
- Completed reload, in  0.829 seconds
Platform modules already initialized, skipping
Shader 'Universal Render Pipeline/Particles/Lit': fallback shader 'Universal Render Pipeline/Particles/SimpleLit' not found
Shader 'Universal Render Pipeline/Particles/Lit': fallback shader 'Universal Render Pipeline/Particles/SimpleLit' not found
Refreshing native plugins compatible for Editor in 0.38 ms, found 0 plugins.
Preloading 0 native plugins for Editor in 0.00 ms.
Unloading 2633 Unused Serialized files (Serialized files now loaded: 0)
System memory in use before: 143.5 MB.
System memory in use after: 141.8 MB.

Unloading 34 unused Assets to reduce memory usage. Loaded Objects now: 3422.
Total: 3.384100 ms (FindLiveObjects: 0.260000 ms CreateObjectMapping: 0.119800 ms MarkObjects: 1.873900 ms  DeleteObjects: 1.129300 ms)

========================================================================
Received Prepare
Registering precompiled user dll's ...
Registered in 0.001445 seconds.
Begin MonoManager ReloadAssembly
Native extension for WindowsStandalone target not found
Native extension for WebGL target not found
Refreshing native plugins compatible for Editor in 0.39 ms, found 0 plugins.
Preloading 0 native plugins for Editor in 0.00 ms.
Invoked RoslynAnalysisRunner static constructor.
RoslynAnalysisRunner will not be running.
RoslynAnalysisRunner has terminated.
Mono: successfully reloaded assembly
- Completed reload, in  0.837 seconds
Platform modules already initialized, skipping
Shader 'Universal Render Pipeline/Particles/Lit': fallback shader 'Universal Render Pipeline/Particles/SimpleLit' not found
Shader 'Universal Render Pipeline/Particles/Lit': fallback shader 'Universal Render Pipeline/Particles/SimpleLit' not found
Refreshing native plugins compatible for Editor in 0.40 ms, found 0 plugins.
Preloading 0 native plugins for Editor in 0.00 ms.
Unloading 2633 Unused Serialized files (Serialized files now loaded: 0)
System memory in use before: 143.5 MB.
System memory in use after: 141.8 MB.

Unloading 34 unused Assets to reduce memory usage. Loaded Objects now: 3424.
Total: 3.670200 ms (FindLiveObjects: 0.309900 ms CreateObjectMapping: 0.141600 ms MarkObjects: 2.011400 ms  DeleteObjects: 1.205400 ms)

========================================================================
Received Prepare
Shader 'Universal Render Pipeline/Particles/Lit': fallback shader 'Universal Render Pipeline/Particles/SimpleLit' not found
Shader 'Universal Render Pipeline/Particles/Lit': fallback shader 'Universal Render Pipeline/Particles/SimpleLit' not found
Refreshing native plugins compatible for Editor in 1.20 ms, found 0 plugins.
Preloading 0 native plugins for Editor in 0.00 ms.
Unloading 32 Unused Serialized files (Serialized files now loaded: 0)
System memory in use before: 92.2 MB.
System memory in use after: 90.5 MB.

Unloading 32 unused Assets to reduce memory usage. Loaded Objects now: 3424.
Total: 3.173500 ms (FindLiveObjects: 0.291500 ms CreateObjectMapping: 0.109000 ms MarkObjects: 1.704700 ms  DeleteObjects: 1.067500 ms)

========================================================================
Received Prepare
Shader 'Universal Render Pipeline/Particles/Lit': fallback shader 'Universal Render Pipeline/Particles/SimpleLit' not found
Shader 'Universal Render Pipeline/Particles/Lit': fallback shader 'Universal Render Pipeline/Particles/SimpleLit' not found
Refreshing native plugins compatible for Editor in 1.19 ms, found 0 plugins.
Preloading 0 native plugins for Editor in 0.00 ms.
Unloading 32 Unused Serialized files (Serialized files now loaded: 0)
System memory in use before: 92.2 MB.
System memory in use after: 90.5 MB.

Unloading 32 unused Assets to reduce memory usage. Loaded Objects now: 3424.
Total: 4.090100 ms (FindLiveObjects: 0.293900 ms CreateObjectMapping: 0.127300 ms MarkObjects: 2.060300 ms  DeleteObjects: 1.607500 ms)

AssetImportWorkerClient::OnTransportError - code=2 error=End of file
